<?xml version="1.0" encoding="UTF-8"?>
<testng-results skipped="0" failed="0" ignored="0" total="1" passed="1">
  <reporter-output>
  </reporter-output>
  <suite name="Default suite" duration-ms="16722" started-at="2019-08-02T05:55:04Z" finished-at="2019-08-02T05:55:21Z">
    <groups>
    </groups>
    <test name="Default test" duration-ms="16722" started-at="2019-08-02T05:55:04Z" finished-at="2019-08-02T05:55:21Z">
      <class name="demos.Robots">
        <test-method status="PASS" signature="f()[pri:0, instance:demos.Robots@18be83e4]" name="f" duration-ms="16675" started-at="2019-08-02T05:55:04Z" finished-at="2019-08-02T05:55:21Z">
          <reporter-output>
          </reporter-output>
        </test-method> <!-- f -->
      </class> <!-- demos.Robots -->
    </test> <!-- Default test -->
  </suite> <!-- Default suite -->
</testng-results>
